This is pdfTeX, Version 3.141592653-2.6-1.40.22 (TeX Live 2021) (preloaded format=pdflatex 2022.10.28)  4 DEC 2022 20:44
entering extended mode
 restricted \write18 enabled.
 %&-line parsing enabled.
**miller-705-report-supporting-figures.tex
(./miller-705-report-supporting-figures.tex
LaTeX2e <2020-10-01> patch level 4
L3 programming layer <2021-05-07> (/usr/share/texlive/texmf-dist/tex/latex/base
/article.cls
Document Class: article 2020/04/10 v1.4m Standard LaTeX document class
(/usr/share/texlive/texmf-dist/tex/latex/base/size10.clo
File: size10.clo 2020/04/10 v1.4m Standard LaTeX file (size option)
)
\c@part=\count179
\c@section=\count180
\c@subsection=\count181
\c@subsubsection=\count182
\c@paragraph=\count183
\c@subparagraph=\count184
\c@figure=\count185
\c@table=\count186
\abovecaptionskip=\skip47
\belowcaptionskip=\skip48
\bibindent=\dimen138
) (/usr/share/texlive/texmf-dist/tex/latex/amsmath/amsmath.sty
Package: amsmath 2020/09/23 v2.17i AMS math features
\@mathmargin=\skip49
For additional information on amsmath, use the `?' option.
(/usr/share/texlive/texmf-dist/tex/latex/amsmath/amstext.sty
Package: amstext 2000/06/29 v2.01 AMS text
(/usr/share/texlive/texmf-dist/tex/latex/amsmath/amsgen.sty
File: amsgen.sty 1999/11/30 v2.0 generic functions
\@emptytoks=\toks15
\ex@=\dimen139
)) (/usr/share/texlive/texmf-dist/tex/latex/amsmath/amsbsy.sty
Package: amsbsy 1999/11/29 v1.2d Bold Symbols
\pmbraise@=\dimen140
) (/usr/share/texlive/texmf-dist/tex/latex/amsmath/amsopn.sty
Package: amsopn 2016/03/08 v2.02 operator names
)
\inf@bad=\count187
LaTeX Info: Redefining \frac on input line 234.
\uproot@=\count188
\leftroot@=\count189
LaTeX Info: Redefining \overline on input line 399.
\classnum@=\count190
\DOTSCASE@=\count191
LaTeX Info: Redefining \ldots on input line 496.
LaTeX Info: Redefining \dots on input line 499.
LaTeX Info: Redefining \cdots on input line 620.
\Mathstrutbox@=\box47
\strutbox@=\box48
\big@size=\dimen141
LaTeX Font Info:    Redeclaring font encoding OML on input line 743.
LaTeX Font Info:    Redeclaring font encoding OMS on input line 744.
\macc@depth=\count192
\c@MaxMatrixCols=\count193
\dotsspace@=\muskip16
\c@parentequation=\count194
\dspbrk@lvl=\count195
\tag@help=\toks16
\row@=\count196
\column@=\count197
\maxfields@=\count198
\andhelp@=\toks17
\eqnshift@=\dimen142
\alignsep@=\dimen143
\tagshift@=\dimen144
\tagwidth@=\dimen145
\totwidth@=\dimen146
\lineht@=\dimen147
\@envbody=\toks18
\multlinegap=\skip50
\multlinetaggap=\skip51
\mathdisplay@stack=\toks19
LaTeX Info: Redefining \[ on input line 2923.
LaTeX Info: Redefining \] on input line 2924.
) (/usr/share/texlive/texmf-dist/tex/latex/amsfonts/amssymb.sty
Package: amssymb 2013/01/14 v3.01 AMS font symbols
(/usr/share/texlive/texmf-dist/tex/latex/amsfonts/amsfonts.sty
Package: amsfonts 2013/01/14 v3.01 Basic AMSFonts support
\symAMSa=\mathgroup4
\symAMSb=\mathgroup5
LaTeX Font Info:    Redeclaring math symbol \hbar on input line 98.
LaTeX Font Info:    Overwriting math alphabet `\mathfrak' in version `bold'
(Font)                  U/euf/m/n --> U/euf/b/n on input line 106.
)) (/usr/share/texlive/texmf-dist/tex/latex/lm/lmodern.sty
Package: lmodern 2015/05/01 v1.6.1 Latin Modern Fonts
LaTeX Font Info:    Overwriting symbol font `operators' in version `normal'
(Font)                  OT1/cmr/m/n --> OT1/lmr/m/n on input line 22.
LaTeX Font Info:    Overwriting symbol font `letters' in version `normal'
(Font)                  OML/cmm/m/it --> OML/lmm/m/it on input line 23.
LaTeX Font Info:    Overwriting symbol font `symbols' in version `normal'
(Font)                  OMS/cmsy/m/n --> OMS/lmsy/m/n on input line 24.
LaTeX Font Info:    Overwriting symbol font `largesymbols' in version `normal'
(Font)                  OMX/cmex/m/n --> OMX/lmex/m/n on input line 25.
LaTeX Font Info:    Overwriting symbol font `operators' in version `bold'
(Font)                  OT1/cmr/bx/n --> OT1/lmr/bx/n on input line 26.
LaTeX Font Info:    Overwriting symbol font `letters' in version `bold'
(Font)                  OML/cmm/b/it --> OML/lmm/b/it on input line 27.
LaTeX Font Info:    Overwriting symbol font `symbols' in version `bold'
(Font)                  OMS/cmsy/b/n --> OMS/lmsy/b/n on input line 28.
LaTeX Font Info:    Overwriting symbol font `largesymbols' in version `bold'
(Font)                  OMX/cmex/m/n --> OMX/lmex/m/n on input line 29.
LaTeX Font Info:    Overwriting math alphabet `\mathbf' in version `normal'
(Font)                  OT1/cmr/bx/n --> OT1/lmr/bx/n on input line 31.
LaTeX Font Info:    Overwriting math alphabet `\mathsf' in version `normal'
(Font)                  OT1/cmss/m/n --> OT1/lmss/m/n on input line 32.
LaTeX Font Info:    Overwriting math alphabet `\mathit' in version `normal'
(Font)                  OT1/cmr/m/it --> OT1/lmr/m/it on input line 33.
LaTeX Font Info:    Overwriting math alphabet `\mathtt' in version `normal'
(Font)                  OT1/cmtt/m/n --> OT1/lmtt/m/n on input line 34.
LaTeX Font Info:    Overwriting math alphabet `\mathbf' in version `bold'
(Font)                  OT1/cmr/bx/n --> OT1/lmr/bx/n on input line 35.
LaTeX Font Info:    Overwriting math alphabet `\mathsf' in version `bold'
(Font)                  OT1/cmss/bx/n --> OT1/lmss/bx/n on input line 36.
LaTeX Font Info:    Overwriting math alphabet `\mathit' in version `bold'
(Font)                  OT1/cmr/bx/it --> OT1/lmr/bx/it on input line 37.
LaTeX Font Info:    Overwriting math alphabet `\mathtt' in version `bold'
(Font)                  OT1/cmtt/m/n --> OT1/lmtt/m/n on input line 38.
) (/usr/share/texlive/texmf-dist/tex/generic/iftex/iftex.sty
Package: iftex 2020/03/06 v1.0d TeX engine tests
) (/usr/share/texlive/texmf-dist/tex/latex/base/fontenc.sty
Package: fontenc 2020/08/10 v2.0s Standard LaTeX package
LaTeX Font Info:    Trying to load font information for T1+lmr on input line 11
2.
(/usr/share/texlive/texmf-dist/tex/latex/lm/t1lmr.fd
File: t1lmr.fd 2015/05/01 v1.6.1 Font defs for Latin Modern
)) (/usr/share/texlive/texmf-dist/tex/latex/base/inputenc.sty
Package: inputenc 2020/08/01 v1.3d Input encoding file
\inpenc@prehook=\toks20
\inpenc@posthook=\toks21
) (/usr/share/texlive/texmf-dist/tex/latex/base/textcomp.sty
Package: textcomp 2020/02/02 v2.0n Standard LaTeX package
) (/usr/share/texlive/texmf-dist/tex/latex/upquote/upquote.sty
Package: upquote 2012/04/19 v1.3 upright-quote and grave-accent glyphs in verba
tim
) (/usr/share/texlive/texmf-dist/tex/latex/microtype/microtype.sty
Package: microtype 2021/03/14 v2.8c Micro-typographical refinements (RS)
(/usr/share/texlive/texmf-dist/tex/latex/graphics/keyval.sty
Package: keyval 2014/10/28 v1.15 key=value parser (DPC)
\KV@toks@=\toks22
)
\MT@toks=\toks23
\MT@count=\count199
LaTeX Info: Redefining \textls on input line 790.
\MT@outer@kern=\dimen148
LaTeX Info: Redefining \textmicrotypecontext on input line 1374.
\MT@listname@count=\count266
(/usr/share/texlive/texmf-dist/tex/latex/microtype/microtype-pdftex.def
File: microtype-pdftex.def 2021/03/14 v2.8c Definitions specific to pdftex (RS)

LaTeX Info: Redefining \lsstyle on input line 915.
LaTeX Info: Redefining \lslig on input line 915.
\MT@outer@space=\skip52
)
Package microtype Info: Loading configuration file microtype.cfg.
(/usr/share/texlive/texmf-dist/tex/latex/microtype/microtype.cfg
File: microtype.cfg 2021/03/14 v2.8c microtype main configuration file (RS)
)) (/usr/share/texlive/texmf-dist/tex/latex/parskip/parskip.sty
Package: parskip 2021-03-14 v2.0h non-zero parskip adjustments
(/usr/share/texlive/texmf-dist/tex/latex/kvoptions/kvoptions.sty
Package: kvoptions 2020-10-07 v3.14 Key value format for package options (HO)
(/usr/share/texlive/texmf-dist/tex/generic/ltxcmds/ltxcmds.sty
Package: ltxcmds 2020-05-10 v1.25 LaTeX kernel commands for general use (HO)
) (/usr/share/texlive/texmf-dist/tex/generic/kvsetkeys/kvsetkeys.sty
Package: kvsetkeys 2019/12/15 v1.18 Key value parser (HO)
)) (/usr/share/texlive/texmf-dist/tex/latex/etoolbox/etoolbox.sty
Package: etoolbox 2020/10/05 v2.5k e-TeX tools for LaTeX (JAW)
\etb@tempcnta=\count267
)) (/usr/share/texlive/texmf-dist/tex/latex/xcolor/xcolor.sty
Package: xcolor 2016/05/11 v2.12 LaTeX color extensions (UK)
(/usr/share/texlive/texmf-dist/tex/latex/graphics-cfg/color.cfg
File: color.cfg 2016/01/02 v1.6 sample color configuration
)
Package xcolor Info: Driver file: pdftex.def on input line 225.
(/usr/share/texlive/texmf-dist/tex/latex/graphics-def/pdftex.def
File: pdftex.def 2020/10/05 v1.2a Graphics/color driver for pdftex
)
Package xcolor Info: Model `cmy' substituted by `cmy0' on input line 1348.
Package xcolor Info: Model `hsb' substituted by `rgb' on input line 1352.
Package xcolor Info: Model `RGB' extended on input line 1364.
Package xcolor Info: Model `HTML' substituted by `rgb' on input line 1366.
Package xcolor Info: Model `Hsb' substituted by `hsb' on input line 1367.
Package xcolor Info: Model `tHsb' substituted by `hsb' on input line 1368.
Package xcolor Info: Model `HSB' substituted by `hsb' on input line 1369.
Package xcolor Info: Model `Gray' substituted by `gray' on input line 1370.
Package xcolor Info: Model `wave' substituted by `hsb' on input line 1371.
) (/usr/share/texlive/texmf-dist/tex/latex/xurl/xurl.sty
Package: xurl 2020/12/30 v 0.09a modify URL breaks
(/usr/share/texlive/texmf-dist/tex/latex/url/url.sty
\Urlmuskip=\muskip17
Package: url 2013/09/16  ver 3.4  Verb mode for urls, etc.
)) (/usr/share/texlive/texmf-dist/tex/latex/bookmark/bookmark.sty
Package: bookmark 2020-11-06 v1.29 PDF bookmarks (HO)
(/usr/share/texlive/texmf-dist/tex/latex/hyperref/hyperref.sty
Package: hyperref 2021-02-27 v7.00k Hypertext links for LaTeX
(/usr/share/texlive/texmf-dist/tex/generic/pdftexcmds/pdftexcmds.sty
Package: pdftexcmds 2020-06-27 v0.33 Utility functions of pdfTeX for LuaTeX (HO
)
(/usr/share/texlive/texmf-dist/tex/generic/infwarerr/infwarerr.sty
Package: infwarerr 2019/12/03 v1.5 Providing info/warning/error messages (HO)
)
Package pdftexcmds Info: \pdf@primitive is available.
Package pdftexcmds Info: \pdf@ifprimitive is available.
Package pdftexcmds Info: \pdfdraftmode found.
) (/usr/share/texlive/texmf-dist/tex/generic/kvdefinekeys/kvdefinekeys.sty
Package: kvdefinekeys 2019-12-19 v1.6 Define keys (HO)
) (/usr/share/texlive/texmf-dist/tex/generic/pdfescape/pdfescape.sty
Package: pdfescape 2019/12/09 v1.15 Implements pdfTeX's escape features (HO)
) (/usr/share/texlive/texmf-dist/tex/latex/hycolor/hycolor.sty
Package: hycolor 2020-01-27 v1.10 Color options for hyperref/bookmark (HO)
) (/usr/share/texlive/texmf-dist/tex/latex/letltxmacro/letltxmacro.sty
Package: letltxmacro 2019/12/03 v1.6 Let assignment for LaTeX macros (HO)
) (/usr/share/texlive/texmf-dist/tex/latex/auxhook/auxhook.sty
Package: auxhook 2019-12-17 v1.6 Hooks for auxiliary files (HO)
)
\@linkdim=\dimen149
\Hy@linkcounter=\count268
\Hy@pagecounter=\count269
(/usr/share/texlive/texmf-dist/tex/latex/hyperref/pd1enc.def
File: pd1enc.def 2021-02-27 v7.00k Hyperref: PDFDocEncoding definition (HO)
Now handling font encoding PD1 ...
... no UTF-8 mapping file for font encoding PD1
) (/usr/share/texlive/texmf-dist/tex/latex/hyperref/hyperref-langpatches.def
File: hyperref-langpatches.def 2021-02-27 v7.00k Hyperref: patches for babel la
nguages
) (/usr/share/texlive/texmf-dist/tex/generic/intcalc/intcalc.sty
Package: intcalc 2019/12/15 v1.3 Expandable calculations with integers (HO)
) (/usr/share/texlive/texmf-dist/tex/generic/etexcmds/etexcmds.sty
Package: etexcmds 2019/12/15 v1.7 Avoid name clashes with e-TeX commands (HO)
)
\Hy@SavedSpaceFactor=\count270
(/usr/share/texlive/texmf-dist/tex/latex/hyperref/puenc.def
File: puenc.def 2021-02-27 v7.00k Hyperref: PDF Unicode definition (HO)
Now handling font encoding PU ...
... no UTF-8 mapping file for font encoding PU
)
Package hyperref Info: Option `unicode' set `true' on input line 4073.
Package hyperref Info: Hyper figures OFF on input line 4192.
Package hyperref Info: Link nesting OFF on input line 4197.
Package hyperref Info: Hyper index ON on input line 4200.
Package hyperref Info: Plain pages OFF on input line 4207.
Package hyperref Info: Backreferencing OFF on input line 4212.
Package hyperref Info: Implicit mode ON; LaTeX internals redefined.
Package hyperref Info: Bookmarks ON on input line 4445.
\c@Hy@tempcnt=\count271
LaTeX Info: Redefining \url on input line 4804.
\XeTeXLinkMargin=\dimen150
(/usr/share/texlive/texmf-dist/tex/generic/bitset/bitset.sty
Package: bitset 2019/12/09 v1.3 Handle bit-vector datatype (HO)
(/usr/share/texlive/texmf-dist/tex/generic/bigintcalc/bigintcalc.sty
Package: bigintcalc 2019/12/15 v1.5 Expandable calculations on big integers (HO
)
))
\Fld@menulength=\count272
\Field@Width=\dimen151
\Fld@charsize=\dimen152
Package hyperref Info: Hyper figures OFF on input line 6075.
Package hyperref Info: Link nesting OFF on input line 6080.
Package hyperref Info: Hyper index ON on input line 6083.
Package hyperref Info: backreferencing OFF on input line 6090.
Package hyperref Info: Link coloring OFF on input line 6095.
Package hyperref Info: Link coloring with OCG OFF on input line 6100.
Package hyperref Info: PDF/A mode OFF on input line 6105.
LaTeX Info: Redefining \ref on input line 6145.
LaTeX Info: Redefining \pageref on input line 6149.
(/usr/share/texlive/texmf-dist/tex/latex/base/atbegshi-ltx.sty
Package: atbegshi-ltx 2020/08/17 v1.0a Emulation of the original atbegshi packa
ge
with kernel methods
)
\Hy@abspage=\count273
\c@Item=\count274
\c@Hfootnote=\count275
)
Package hyperref Info: Driver (autodetected): hpdftex.
(/usr/share/texlive/texmf-dist/tex/latex/hyperref/hpdftex.def
File: hpdftex.def 2021-02-27 v7.00k Hyperref driver for pdfTeX
(/usr/share/texlive/texmf-dist/tex/latex/base/atveryend-ltx.sty
Package: atveryend-ltx 2020/08/19 v1.0a Emulation of the original atvery packag
e
with kernel methods
)
\Fld@listcount=\count276
\c@bookmark@seq@number=\count277
(/usr/share/texlive/texmf-dist/tex/latex/rerunfilecheck/rerunfilecheck.sty
Package: rerunfilecheck 2019/12/05 v1.9 Rerun checks for auxiliary files (HO)
(/usr/share/texlive/texmf-dist/tex/generic/uniquecounter/uniquecounter.sty
Package: uniquecounter 2019/12/15 v1.4 Provide unlimited unique counter (HO)
)
Package uniquecounter Info: New unique counter `rerunfilecheck' on input line 2
86.
)
\Hy@SectionHShift=\skip53
) (/usr/share/texlive/texmf-dist/tex/latex/bookmark/bkm-pdftex.def
File: bkm-pdftex.def 2020-11-06 v1.29 bookmark driver for pdfTeX (HO)
\BKM@id=\count278
)) (/usr/share/texlive/texmf-dist/tex/latex/geometry/geometry.sty
Package: geometry 2020/01/02 v5.9 Page Geometry
(/usr/share/texlive/texmf-dist/tex/generic/iftex/ifvtex.sty
Package: ifvtex 2019/10/25 v1.7 ifvtex legacy package. Use iftex instead.
)
\Gm@cnth=\count279
\Gm@cntv=\count280
\c@Gm@tempcnt=\count281
\Gm@bindingoffset=\dimen153
\Gm@wd@mp=\dimen154
\Gm@odd@mp=\dimen155
\Gm@even@mp=\dimen156
\Gm@layoutwidth=\dimen157
\Gm@layoutheight=\dimen158
\Gm@layouthoffset=\dimen159
\Gm@layoutvoffset=\dimen160
\Gm@dimlist=\toks24
) (/usr/share/texlive/texmf-dist/tex/latex/graphics/graphicx.sty
Package: graphicx 2020/09/09 v1.2b Enhanced LaTeX Graphics (DPC,SPQR)
(/usr/share/texlive/texmf-dist/tex/latex/graphics/graphics.sty
Package: graphics 2020/08/30 v1.4c Standard LaTeX Graphics (DPC,SPQR)
(/usr/share/texlive/texmf-dist/tex/latex/graphics/trig.sty
Package: trig 2016/01/03 v1.10 sin cos tan (DPC)
) (/usr/share/texlive/texmf-dist/tex/latex/graphics-cfg/graphics.cfg
File: graphics.cfg 2016/06/04 v1.11 sample graphics configuration
)
Package graphics Info: Driver file: pdftex.def on input line 105.
)
\Gin@req@height=\dimen161
\Gin@req@width=\dimen162
) (/usr/share/texlive/texmf-dist/tex/latex/l3backend/l3backend-pdftex.def
File: l3backend-pdftex.def 2021-05-07 L3 backend support: PDF output (pdfTeX)
\l__color_backend_stack_int=\count282
\l__pdf_internal_box=\box49
) (./miller-705-report-supporting-figures.aux)
\openout1 = `miller-705-report-supporting-figures.aux'.

LaTeX Font Info:    Checking defaults for OML/cmm/m/it on input line 67.
LaTeX Font Info:    ... okay on input line 67.
LaTeX Font Info:    Checking defaults for OMS/cmsy/m/n on input line 67.
LaTeX Font Info:    ... okay on input line 67.
LaTeX Font Info:    Checking defaults for OT1/cmr/m/n on input line 67.
LaTeX Font Info:    ... okay on input line 67.
LaTeX Font Info:    Checking defaults for T1/cmr/m/n on input line 67.
LaTeX Font Info:    ... okay on input line 67.
LaTeX Font Info:    Checking defaults for TS1/cmr/m/n on input line 67.
LaTeX Font Info:    ... okay on input line 67.
LaTeX Font Info:    Checking defaults for OMX/cmex/m/n on input line 67.
LaTeX Font Info:    ... okay on input line 67.
LaTeX Font Info:    Checking defaults for U/cmr/m/n on input line 67.
LaTeX Font Info:    ... okay on input line 67.
LaTeX Font Info:    Checking defaults for PD1/pdf/m/n on input line 67.
LaTeX Font Info:    ... okay on input line 67.
LaTeX Font Info:    Checking defaults for PU/pdf/m/n on input line 67.
LaTeX Font Info:    ... okay on input line 67.
LaTeX Info: Redefining \microtypecontext on input line 67.
Package microtype Info: Generating PDF output.
Package microtype Info: Character protrusion enabled (level 2).
Package microtype Info: Using protrusion set `basicmath'.
Package microtype Info: Automatic font expansion enabled (level 2),
(microtype)             stretch: 20, shrink: 20, step: 1, non-selected.
Package microtype Info: Using default expansion set `alltext-nott'.
LaTeX Info: Redefining \showhyphens on input line 67.
Package microtype Info: No adjustment of tracking.
Package microtype Info: No adjustment of interword spacing.
Package microtype Info: No adjustment of character kerning.
(/usr/share/texlive/texmf-dist/tex/latex/microtype/mt-cmr.cfg
File: mt-cmr.cfg 2013/05/19 v2.2 microtype config. file: Computer Modern Roman 
(RS)
) (/usr/share/texlive/texmf-dist/tex/context/base/mkii/supp-pdf.mkii
[Loading MPS to PDF converter (version 2006.09.02).]
\scratchcounter=\count283
\scratchdimen=\dimen163
\scratchbox=\box50
\nofMPsegments=\count284
\nofMParguments=\count285
\everyMPshowfont=\toks25
\MPscratchCnt=\count286
\MPscratchDim=\dimen164
\MPnumerator=\count287
\makeMPintoPDFobject=\count288
\everyMPtoPDFconversion=\toks26
) (/usr/share/texlive/texmf-dist/tex/latex/epstopdf-pkg/epstopdf-base.sty
Package: epstopdf-base 2020-01-24 v2.11 Base part for package epstopdf
Package epstopdf-base Info: Redefining graphics rule for `.eps' on input line 4
85.
(/usr/share/texlive/texmf-dist/tex/latex/latexconfig/epstopdf-sys.cfg
File: epstopdf-sys.cfg 2010/07/13 v1.3 Configuration of (r)epstopdf for TeX Liv
e
))
Package hyperref Info: Link coloring OFF on input line 67.
(/usr/share/texlive/texmf-dist/tex/latex/hyperref/nameref.sty
Package: nameref 2021-04-02 v2.47 Cross-referencing by name of section
(/usr/share/texlive/texmf-dist/tex/latex/refcount/refcount.sty
Package: refcount 2019/12/15 v3.6 Data extraction from label references (HO)
) (/usr/share/texlive/texmf-dist/tex/generic/gettitlestring/gettitlestring.sty
Package: gettitlestring 2019/12/15 v1.6 Cleanup title references (HO)
)
\c@section@level=\count289
)
LaTeX Info: Redefining \ref on input line 67.
LaTeX Info: Redefining \pageref on input line 67.
LaTeX Info: Redefining \nameref on input line 67.
*geometry* driver: auto-detecting
*geometry* detected driver: pdftex
*geometry* verbose mode - [ preamble ] result:
* driver: pdftex
* paper: <default>
* layout: <same size as paper>
* layoutoffset:(h,v)=(0.0pt,0.0pt)
* modes: 
* h-part:(L,W,R)=(72.26999pt, 469.75502pt, 72.26999pt)
* v-part:(T,H,B)=(72.26999pt, 650.43001pt, 72.26999pt)
* \paperwidth=614.295pt
* \paperheight=794.96999pt
* \textwidth=469.75502pt
* \textheight=650.43001pt
* \oddsidemargin=0.0pt
* \evensidemargin=0.0pt
* \topmargin=-37.0pt
* \headheight=12.0pt
* \headsep=25.0pt
* \topskip=10.0pt
* \footskip=30.0pt
* \marginparwidth=65.0pt
* \marginparsep=11.0pt
* \columnsep=10.0pt
* \skip\footins=9.0pt plus 4.0pt minus 2.0pt
* \hoffset=0.0pt
* \voffset=0.0pt
* \mag=1000
* \@twocolumnfalse
* \@twosidefalse
* \@mparswitchfalse
* \@reversemarginfalse
* (1in=72.27pt=25.4mm, 1cm=28.453pt)

<./images/triboro-line-rpa-map.png, id=4, 887.315pt x 1196.47pt>
File: ./images/triboro-line-rpa-map.png Graphic file (type png)
<use ./images/triboro-line-rpa-map.png>
Package pdftex.def Info: ./images/triboro-line-rpa-map.png  used on input line 
71.
(pdftex.def)             Requested size: 482.36533pt x 650.42926pt.

Overfull \hbox (12.6103pt too wide) in paragraph at lines 71--72
 [][] 
 []


LaTeX Warning: Float too large for page by 23.94368pt on input line 76.

<./images/triboro-conceptual-model-original.png, id=6, 244.915pt x 423.5825pt>
File: ./images/triboro-conceptual-model-original.png Graphic file (type png)
<use ./images/triboro-conceptual-model-original.png>
Package pdftex.def Info: ./images/triboro-conceptual-model-original.png  used o
n input line 80.
(pdftex.def)             Requested size: 244.92184pt x 423.59439pt.
<miller-705-report-supporting-figures_files/figure-latex/unnamed-chunk-6-1.pdf,
 id=7, 600.2425pt x 833.1125pt>
File: miller-705-report-supporting-figures_files/figure-latex/unnamed-chunk-6-1
.pdf Graphic file (type pdf)
<use miller-705-report-supporting-figures_files/figure-latex/unnamed-chunk-6-1.
pdf>
Package pdftex.def Info: miller-705-report-supporting-figures_files/figure-late
x/unnamed-chunk-6-1.pdf  used on input line 89.
(pdftex.def)             Requested size: 468.6452pt x 650.46075pt.

LaTeX Warning: Float too large for page by 23.97517pt on input line 91.

<miller-705-report-supporting-figures_files/figure-latex/unnamed-chunk-9-1.pdf,
 id=8, 584.1825pt x 688.5725pt>
File: miller-705-report-supporting-figures_files/figure-latex/unnamed-chunk-9-1
.pdf Graphic file (type pdf)
<use miller-705-report-supporting-figures_files/figure-latex/unnamed-chunk-9-1.
pdf>
Package pdftex.def Info: miller-705-report-supporting-figures_files/figure-late
x/unnamed-chunk-9-1.pdf  used on input line 95.
(pdftex.def)             Requested size: 469.77121pt x 553.71657pt.
<miller-705-report-supporting-figures_files/figure-latex/unnamed-chunk-10-1.pdf
, id=9, 620.3175pt x 664.4825pt>
File: miller-705-report-supporting-figures_files/figure-latex/unnamed-chunk-10-
1.pdf Graphic file (type pdf)
<use miller-705-report-supporting-figures_files/figure-latex/unnamed-chunk-10-1
.pdf>
Package pdftex.def Info: miller-705-report-supporting-figures_files/figure-late
x/unnamed-chunk-10-1.pdf  used on input line 101.
(pdftex.def)             Requested size: 469.75192pt x 503.19702pt.
<miller-705-report-supporting-figures_files/figure-latex/unnamed-chunk-11-1.pdf
, id=10, 683.55376pt x 851.18pt>
File: miller-705-report-supporting-figures_files/figure-latex/unnamed-chunk-11-
1.pdf Graphic file (type pdf)
<use miller-705-report-supporting-figures_files/figure-latex/unnamed-chunk-11-1
.pdf>
Package pdftex.def Info: miller-705-report-supporting-figures_files/figure-late
x/unnamed-chunk-11-1.pdf  used on input line 108.
(pdftex.def)             Requested size: 469.76474pt x 584.964pt.
<miller-705-report-supporting-figures_files/figure-latex/unnamed-chunk-12-1.pdf
, id=11, 702.625pt x 851.18pt>
File: miller-705-report-supporting-figures_files/figure-latex/unnamed-chunk-12-
1.pdf Graphic file (type pdf)
<use miller-705-report-supporting-figures_files/figure-latex/unnamed-chunk-12-1
.pdf>
Package pdftex.def Info: miller-705-report-supporting-figures_files/figure-late
x/unnamed-chunk-12-1.pdf  used on input line 115.
(pdftex.def)             Requested size: 469.76996pt x 569.09274pt.
<miller-705-report-supporting-figures_files/figure-latex/unnamed-chunk-15-1.pdf
, id=12, 716.6775pt x 423.5825pt>
File: miller-705-report-supporting-figures_files/figure-latex/unnamed-chunk-15-
1.pdf Graphic file (type pdf)
<use miller-705-report-supporting-figures_files/figure-latex/unnamed-chunk-15-1
.pdf>
Package pdftex.def Info: miller-705-report-supporting-figures_files/figure-late
x/unnamed-chunk-15-1.pdf  used on input line 122.
(pdftex.def)             Requested size: 469.76074pt x 277.6457pt.
<miller-705-report-supporting-figures_files/figure-latex/unnamed-chunk-16-1.pdf
, id=13, 712.6625pt x 423.5825pt>
File: miller-705-report-supporting-figures_files/figure-latex/unnamed-chunk-16-
1.pdf Graphic file (type pdf)
<use miller-705-report-supporting-figures_files/figure-latex/unnamed-chunk-16-1
.pdf>
Package pdftex.def Info: miller-705-report-supporting-figures_files/figure-late
x/unnamed-chunk-16-1.pdf  used on input line 129.
(pdftex.def)             Requested size: 469.74974pt x 279.20337pt.
<miller-705-report-supporting-figures_files/figure-latex/unnamed-chunk-18-1.pdf
, id=14, 552.0625pt x 574.145pt>
File: miller-705-report-supporting-figures_files/figure-latex/unnamed-chunk-18-
1.pdf Graphic file (type pdf)
<use miller-705-report-supporting-figures_files/figure-latex/unnamed-chunk-18-1
.pdf>
Package pdftex.def Info: miller-705-report-supporting-figures_files/figure-late
x/unnamed-chunk-18-1.pdf  used on input line 136.
(pdftex.def)             Requested size: 469.7776pt x 488.56873pt.
<miller-705-report-supporting-figures_files/figure-latex/unnamed-chunk-21-1.pdf
, id=15, 689.57625pt x 287.0725pt>
File: miller-705-report-supporting-figures_files/figure-latex/unnamed-chunk-21-
1.pdf Graphic file (type pdf)
<use miller-705-report-supporting-figures_files/figure-latex/unnamed-chunk-21-1
.pdf>
Package pdftex.def Info: miller-705-report-supporting-figures_files/figure-late
x/unnamed-chunk-21-1.pdf  used on input line 144.
(pdftex.def)             Requested size: 469.75792pt x 195.56152pt.
<miller-705-report-supporting-figures_files/figure-latex/unnamed-chunk-22-1.pdf
, id=16, 689.57625pt x 287.0725pt>
File: miller-705-report-supporting-figures_files/figure-latex/unnamed-chunk-22-
1.pdf Graphic file (type pdf)
<use miller-705-report-supporting-figures_files/figure-latex/unnamed-chunk-22-1
.pdf>
Package pdftex.def Info: miller-705-report-supporting-figures_files/figure-late
x/unnamed-chunk-22-1.pdf  used on input line 151.
(pdftex.def)             Requested size: 469.75792pt x 195.56152pt.
<miller-705-report-supporting-figures_files/figure-latex/unnamed-chunk-23-1.pdf
, id=17, 689.57625pt x 287.0725pt>
File: miller-705-report-supporting-figures_files/figure-latex/unnamed-chunk-23-
1.pdf Graphic file (type pdf)
<use miller-705-report-supporting-figures_files/figure-latex/unnamed-chunk-23-1
.pdf>
Package pdftex.def Info: miller-705-report-supporting-figures_files/figure-late
x/unnamed-chunk-23-1.pdf  used on input line 158.
(pdftex.def)             Requested size: 469.75792pt x 195.56152pt.
<miller-705-report-supporting-figures_files/figure-latex/unnamed-chunk-24-1.pdf
, id=18, 689.57625pt x 291.0875pt>
File: miller-705-report-supporting-figures_files/figure-latex/unnamed-chunk-24-
1.pdf Graphic file (type pdf)
<use miller-705-report-supporting-figures_files/figure-latex/unnamed-chunk-24-1
.pdf>
Package pdftex.def Info: miller-705-report-supporting-figures_files/figure-late
x/unnamed-chunk-24-1.pdf  used on input line 165.
(pdftex.def)             Requested size: 469.75792pt x 198.29665pt.
<miller-705-report-supporting-figures_files/figure-latex/unnamed-chunk-30-1.pdf
, id=19, 686.565pt x 851.18pt>
File: miller-705-report-supporting-figures_files/figure-latex/unnamed-chunk-30-
1.pdf Graphic file (type pdf)
<use miller-705-report-supporting-figures_files/figure-latex/unnamed-chunk-30-1
.pdf>
Package pdftex.def Info: miller-705-report-supporting-figures_files/figure-late
x/unnamed-chunk-30-1.pdf  used on input line 172.
(pdftex.def)             Requested size: 469.74944pt x 582.37941pt.
<miller-705-report-supporting-figures_files/figure-latex/unnamed-chunk-31-1.pdf
, id=20, 712.6625pt x 423.5825pt>
File: miller-705-report-supporting-figures_files/figure-latex/unnamed-chunk-31-
1.pdf Graphic file (type pdf)
<use miller-705-report-supporting-figures_files/figure-latex/unnamed-chunk-31-1
.pdf>
Package pdftex.def Info: miller-705-report-supporting-figures_files/figure-late
x/unnamed-chunk-31-1.pdf  used on input line 182.
(pdftex.def)             Requested size: 469.74974pt x 279.20337pt.
<miller-705-report-supporting-figures_files/figure-latex/unnamed-chunk-32-1.pdf
, id=21, 712.6625pt x 423.5825pt>
File: miller-705-report-supporting-figures_files/figure-latex/unnamed-chunk-32-
1.pdf Graphic file (type pdf)
<use miller-705-report-supporting-figures_files/figure-latex/unnamed-chunk-32-1
.pdf>
Package pdftex.def Info: miller-705-report-supporting-figures_files/figure-late
x/unnamed-chunk-32-1.pdf  used on input line 189.
(pdftex.def)             Requested size: 469.74974pt x 279.20337pt.
<miller-705-report-supporting-figures_files/figure-latex/unnamed-chunk-34-1.pdf
, id=22, 712.6625pt x 857.2025pt>
File: miller-705-report-supporting-figures_files/figure-latex/unnamed-chunk-34-
1.pdf Graphic file (type pdf)
<use miller-705-report-supporting-figures_files/figure-latex/unnamed-chunk-34-1
.pdf>
Package pdftex.def Info: miller-705-report-supporting-figures_files/figure-late
x/unnamed-chunk-34-1.pdf  used on input line 196.
(pdftex.def)             Requested size: 469.74974pt x 565.02293pt.
<miller-705-report-supporting-figures_files/figure-latex/unnamed-chunk-36-1.pdf
, id=23, 712.6625pt x 421.575pt>
File: miller-705-report-supporting-figures_files/figure-latex/unnamed-chunk-36-
1.pdf Graphic file (type pdf)
<use miller-705-report-supporting-figures_files/figure-latex/unnamed-chunk-36-1
.pdf>
Package pdftex.def Info: miller-705-report-supporting-figures_files/figure-late
x/unnamed-chunk-36-1.pdf  used on input line 204.
(pdftex.def)             Requested size: 469.74974pt x 277.88011pt.
<miller-705-report-supporting-figures_files/figure-latex/unnamed-chunk-37-1.pdf
, id=24, 716.6775pt x 423.5825pt>
File: miller-705-report-supporting-figures_files/figure-latex/unnamed-chunk-37-
1.pdf Graphic file (type pdf)
<use miller-705-report-supporting-figures_files/figure-latex/unnamed-chunk-37-1
.pdf>
Package pdftex.def Info: miller-705-report-supporting-figures_files/figure-late
x/unnamed-chunk-37-1.pdf  used on input line 211.
(pdftex.def)             Requested size: 469.76074pt x 277.6457pt.
<miller-705-report-supporting-figures_files/figure-latex/unnamed-chunk-38-1.pdf
, id=25, 698.61pt x 818.05624pt>
File: miller-705-report-supporting-figures_files/figure-latex/unnamed-chunk-38-
1.pdf Graphic file (type pdf)
<use miller-705-report-supporting-figures_files/figure-latex/unnamed-chunk-38-1
.pdf>
Package pdftex.def Info: miller-705-report-supporting-figures_files/figure-late
x/unnamed-chunk-38-1.pdf  used on input line 220.
(pdftex.def)             Requested size: 469.7612pt x 550.07956pt.
<miller-705-report-supporting-figures_files/figure-latex/unnamed-chunk-40-1.pdf
, id=26, 712.6625pt x 421.575pt>
File: miller-705-report-supporting-figures_files/figure-latex/unnamed-chunk-40-
1.pdf Graphic file (type pdf)
<use miller-705-report-supporting-figures_files/figure-latex/unnamed-chunk-40-1
.pdf>
Package pdftex.def Info: miller-705-report-supporting-figures_files/figure-late
x/unnamed-chunk-40-1.pdf  used on input line 227.
(pdftex.def)             Requested size: 469.74974pt x 277.88011pt.
<miller-705-report-supporting-figures_files/figure-latex/unnamed-chunk-41-1.pdf
, id=27, 717.68124pt x 423.5825pt>
File: miller-705-report-supporting-figures_files/figure-latex/unnamed-chunk-41-
1.pdf Graphic file (type pdf)
<use miller-705-report-supporting-figures_files/figure-latex/unnamed-chunk-41-1
.pdf>
Package pdftex.def Info: miller-705-report-supporting-figures_files/figure-late
x/unnamed-chunk-41-1.pdf  used on input line 234.
(pdftex.def)             Requested size: 469.76161pt x 277.2579pt.
<miller-705-report-supporting-figures_files/figure-latex/unnamed-chunk-42-1.pdf
, id=28, 698.61pt x 818.05624pt>
File: miller-705-report-supporting-figures_files/figure-latex/unnamed-chunk-42-
1.pdf Graphic file (type pdf)
<use miller-705-report-supporting-figures_files/figure-latex/unnamed-chunk-42-1
.pdf>
Package pdftex.def Info: miller-705-report-supporting-figures_files/figure-late
x/unnamed-chunk-42-1.pdf  used on input line 243.
(pdftex.def)             Requested size: 469.7612pt x 550.07956pt.
<miller-705-report-supporting-figures_files/figure-latex/unnamed-chunk-44-1.pdf
, id=29, 712.6625pt x 423.5825pt>
File: miller-705-report-supporting-figures_files/figure-latex/unnamed-chunk-44-
1.pdf Graphic file (type pdf)
<use miller-705-report-supporting-figures_files/figure-latex/unnamed-chunk-44-1
.pdf>
Package pdftex.def Info: miller-705-report-supporting-figures_files/figure-late
x/unnamed-chunk-44-1.pdf  used on input line 249.
(pdftex.def)             Requested size: 469.74974pt x 279.20337pt.
<miller-705-report-supporting-figures_files/figure-latex/unnamed-chunk-45-1.pdf
, id=30, 712.6625pt x 423.5825pt>
File: miller-705-report-supporting-figures_files/figure-latex/unnamed-chunk-45-
1.pdf Graphic file (type pdf)
<use miller-705-report-supporting-figures_files/figure-latex/unnamed-chunk-45-1
.pdf>
Package pdftex.def Info: miller-705-report-supporting-figures_files/figure-late
x/unnamed-chunk-45-1.pdf  used on input line 256.
(pdftex.def)             Requested size: 469.74974pt x 279.20337pt.
<miller-705-report-supporting-figures_files/figure-latex/unnamed-chunk-46-1.pdf
, id=31, 698.61pt x 818.05624pt>
File: miller-705-report-supporting-figures_files/figure-latex/unnamed-chunk-46-
1.pdf Graphic file (type pdf)
<use miller-705-report-supporting-figures_files/figure-latex/unnamed-chunk-46-1
.pdf>
Package pdftex.def Info: miller-705-report-supporting-figures_files/figure-late
x/unnamed-chunk-46-1.pdf  used on input line 265.
(pdftex.def)             Requested size: 469.7612pt x 550.07956pt.
<miller-705-report-supporting-figures_files/figure-latex/unnamed-chunk-48-1.pdf
, id=32, 706.64pt x 423.5825pt>
File: miller-705-report-supporting-figures_files/figure-latex/unnamed-chunk-48-
1.pdf Graphic file (type pdf)
<use miller-705-report-supporting-figures_files/figure-latex/unnamed-chunk-48-1
.pdf>
Package pdftex.def Info: miller-705-report-supporting-figures_files/figure-late
x/unnamed-chunk-48-1.pdf  used on input line 271.
(pdftex.def)             Requested size: 469.75874pt x 281.58833pt.
<miller-705-report-supporting-figures_files/figure-latex/unnamed-chunk-49-1.pdf
, id=33, 706.64pt x 423.5825pt>
File: miller-705-report-supporting-figures_files/figure-latex/unnamed-chunk-49-
1.pdf Graphic file (type pdf)
<use miller-705-report-supporting-figures_files/figure-latex/unnamed-chunk-49-1
.pdf>
Package pdftex.def Info: miller-705-report-supporting-figures_files/figure-late
x/unnamed-chunk-49-1.pdf  used on input line 278.
(pdftex.def)             Requested size: 469.75874pt x 281.58833pt.
<images/example-ntas.png, id=34, 186.6975pt x 210.7875pt>
File: images/example-ntas.png Graphic file (type png)
<use images/example-ntas.png>
Package pdftex.def Info: images/example-ntas.png  used on input line 286.
(pdftex.def)             Requested size: 186.46342pt x 210.52324pt.
<images/od-undirected-network.png, id=35, 246.9225pt x 196.735pt>
File: images/od-undirected-network.png Graphic file (type png)
<use images/od-undirected-network.png>
Package pdftex.def Info: images/od-undirected-network.png  used on input line 2
95.
(pdftex.def)             Requested size: 246.92188pt x 196.7345pt.
<images/od-undirected-matrix.png, id=36, 154.5775pt x 160.6pt>
File: images/od-undirected-matrix.png Graphic file (type png)
<use images/od-undirected-matrix.png>
Package pdftex.def Info: images/od-undirected-matrix.png  used on input line 30
4.
(pdftex.def)             Requested size: 154.58182pt x 160.60449pt.
<images/od-undirected-matrix-complement.png, id=37, 219.82124pt x 137.51375pt>
File: images/od-undirected-matrix-complement.png Graphic file (type png)
<use images/od-undirected-matrix-complement.png>
Package pdftex.def Info: images/od-undirected-matrix-complement.png  used on in
put line 313.
(pdftex.def)             Requested size: 219.70665pt x 137.44206pt.
<miller-705-report-supporting-figures_files/figure-latex/unnamed-chunk-57-1.pdf
, id=38, 689.57625pt x 792.9625pt>
File: miller-705-report-supporting-figures_files/figure-latex/unnamed-chunk-57-
1.pdf Graphic file (type pdf)
<use miller-705-report-supporting-figures_files/figure-latex/unnamed-chunk-57-1
.pdf>
Package pdftex.def Info: miller-705-report-supporting-figures_files/figure-late
x/unnamed-chunk-57-1.pdf  used on input line 322.
(pdftex.def)             Requested size: 469.75792pt x 540.18744pt.
<miller-705-report-supporting-figures_files/figure-latex/unnamed-chunk-66-1.pdf
, id=39, 693.59125pt x 857.2025pt>
File: miller-705-report-supporting-figures_files/figure-latex/unnamed-chunk-66-
1.pdf Graphic file (type pdf)
<use miller-705-report-supporting-figures_files/figure-latex/unnamed-chunk-66-1
.pdf>
Package pdftex.def Info: miller-705-report-supporting-figures_files/figure-late
x/unnamed-chunk-66-1.pdf  used on input line 328.
(pdftex.def)             Requested size: 469.77315pt x 580.58794pt.
<miller-705-report-supporting-figures_files/figure-latex/unnamed-chunk-68-1.pdf
, id=40, 700.6175pt x 420.57124pt>
File: miller-705-report-supporting-figures_files/figure-latex/unnamed-chunk-68-
1.pdf Graphic file (type pdf)
<use miller-705-report-supporting-figures_files/figure-latex/unnamed-chunk-68-1
.pdf>
Package pdftex.def Info: miller-705-report-supporting-figures_files/figure-late
x/unnamed-chunk-68-1.pdf  used on input line 338.
(pdftex.def)             Requested size: 469.76407pt x 281.99304pt.
<miller-705-report-supporting-figures_files/figure-latex/unnamed-chunk-70-1.pdf
, id=41, 708.6475pt x 417.56pt>
File: miller-705-report-supporting-figures_files/figure-latex/unnamed-chunk-70-
1.pdf Graphic file (type pdf)
<use miller-705-report-supporting-figures_files/figure-latex/unnamed-chunk-70-1
.pdf>
Package pdftex.def Info: miller-705-report-supporting-figures_files/figure-late
x/unnamed-chunk-70-1.pdf  used on input line 346.
(pdftex.def)             Requested size: 469.76329pt x 276.80101pt.
[1{/usr/share/texlive/texmf-var/fonts/map/pdftex/updmap/pdftex.map} <./images/t
riboro-line-rpa-map.png>] [2 <./images/triboro-conceptual-model-original.png>] 
[3 <./miller-705-report-supporting-figures_files/figure-latex/unnamed-chunk-6-1
.pdf>] [4 <./miller-705-report-supporting-figures_files/figure-latex/unnamed-ch
unk-9-1.pdf>] [5 <./miller-705-report-supporting-figures_files/figure-latex/unn
amed-chunk-10-1.pdf>] [6 <./miller-705-report-supporting-figures_files/figure-l
atex/unnamed-chunk-11-1.pdf>] [7 <./miller-705-report-supporting-figures_files/
figure-latex/unnamed-chunk-12-1.pdf>] [8 <./miller-705-report-supporting-figure
s_files/figure-latex/unnamed-chunk-15-1.pdf> <./miller-705-report-supporting-fi
gures_files/figure-latex/unnamed-chunk-16-1.pdf>] [9 <./miller-705-report-suppo
rting-figures_files/figure-latex/unnamed-chunk-18-1.pdf>] [10 <./miller-705-rep
ort-supporting-figures_files/figure-latex/unnamed-chunk-21-1.pdf> <./miller-705
-report-supporting-figures_files/figure-latex/unnamed-chunk-22-1.pdf>] [11 <./m
iller-705-report-supporting-figures_files/figure-latex/unnamed-chunk-23-1.pdf> 
<./miller-705-report-supporting-figures_files/figure-latex/unnamed-chunk-24-1.p
df>] [12 <./miller-705-report-supporting-figures_files/figure-latex/unnamed-chu
nk-30-1.pdf>] [13 <./miller-705-report-supporting-figures_files/figure-latex/un
named-chunk-31-1.pdf> <./miller-705-report-supporting-figures_files/figure-late
x/unnamed-chunk-32-1.pdf>] [14 <./miller-705-report-supporting-figures_files/fi
gure-latex/unnamed-chunk-34-1.pdf>] [15 <./miller-705-report-supporting-figures
_files/figure-latex/unnamed-chunk-36-1.pdf> <./miller-705-report-supporting-fig
ures_files/figure-latex/unnamed-chunk-37-1.pdf>] [16 <./miller-705-report-suppo
rting-figures_files/figure-latex/unnamed-chunk-38-1.pdf>] [17 <./miller-705-rep
ort-supporting-figures_files/figure-latex/unnamed-chunk-40-1.pdf> <./miller-705
-report-supporting-figures_files/figure-latex/unnamed-chunk-41-1.pdf>] [18 <./m
iller-705-report-supporting-figures_files/figure-latex/unnamed-chunk-42-1.pdf>]
[19 <./miller-705-report-supporting-figures_files/figure-latex/unnamed-chunk-44
-1.pdf> <./miller-705-report-supporting-figures_files/figure-latex/unnamed-chun
k-45-1.pdf>] [20 <./miller-705-report-supporting-figures_files/figure-latex/unn
amed-chunk-46-1.pdf>] [21 <./miller-705-report-supporting-figures_files/figure-
latex/unnamed-chunk-48-1.pdf> <./miller-705-report-supporting-figures_files/fig
ure-latex/unnamed-chunk-49-1.pdf>] [22 <./images/example-ntas.png> <./images/od
-undirected-network.png>] [23 <./images/od-undirected-matrix.png> <./images/od-
undirected-matrix-complement.png>] [24 <./miller-705-report-supporting-figures_
files/figure-latex/unnamed-chunk-57-1.pdf>] [25 <./miller-705-report-supporting
-figures_files/figure-latex/unnamed-chunk-66-1.pdf>] [26 <./miller-705-report-s
upporting-figures_files/figure-latex/unnamed-chunk-68-1.pdf> <./miller-705-repo
rt-supporting-figures_files/figure-latex/unnamed-chunk-70-1.pdf>] (./miller-705
-report-supporting-figures.aux) ) 
Here is how much of TeX's memory you used:
 12549 strings out of 480806
 200548 string characters out of 5905150
 529649 words of memory out of 6000000
 29656 multiletter control sequences out of 15000+600000
 407499 words of font info for 41 fonts, out of 8000000 for 9000
 14 hyphenation exceptions out of 8191
 74i,6n,77p,541b,338s stack positions out of 5000i,500n,10000p,200000b,80000s
{/usr/share/texlive/texmf-dist/fonts/enc/dvips
/lm/lm-ec.enc}</usr/share/texlive/texmf-dist/fonts/type1/public/lm/lmr10.pfb>
Output written on miller-705-report-supporting-figures.pdf (26 pages, 4870280 b
ytes).
PDF statistics:
 454 PDF objects out of 1000 (max. 8388607)
 316 compressed objects within 4 object streams
 63 named destinations out of 1000 (max. 500000)
 2234 words of extra memory for PDF output out of 10000 (max. 10000000)

